<?xml version="1.0" encoding="UTF-8"?>
<testsuite name="ClientTest" tests="4" skipped="0" failures="0" errors="0" timestamp="2021-02-23T20:50:44" hostname="Pauls-MacBook-Air.local" time="0.031">
  <properties/>
  <testcase name="testGetName()" classname="ClientTest" time="0.018"/>
  <testcase name="testSetIsBusiness()" classname="ClientTest" time="0.002"/>
  <testcase name="testSetName()" classname="ClientTest" time="0.001"/>
  <testcase name="testIsBusiness()" classname="ClientTest" time="0.004"/>
  <system-out><![CDATA[]]></system-out>
  <system-err><![CDATA[]]></system-err>
</testsuite>
